2025-05-28 23:09:11.933 [INFO] "main.cpp":17 - 程序启动
2025-05-28 23:09:11.933 [DEBUG] "main.cpp":18 - 调试信息
2025-05-28 23:09:11.933 [WARN] "main.cpp":19 - 警告信息
2025-05-28 23:09:11.933 [ERROR] "main.cpp":20 - 错误信息
2025-05-28 23:09:11.933 [DEBUG] "main.cpp":27 - 写入大量日志以触发轮转测试
2025-05-28 23:09:16.143 [INFO] "main.cpp":17 - 程序启动
2025-05-28 23:09:16.143 [DEBUG] "main.cpp":18 - 调试信息
2025-05-28 23:09:16.143 [WARN] "main.cpp":19 - 警告信息
2025-05-28 23:09:16.143 [ERROR] "main.cpp":20 - 错误信息
2025-05-28 23:09:16.143 [DEBUG] "main.cpp":27 - 写入大量日志以触发轮转测试
2025-05-28 23:09:20.925 [INFO] "main.cpp":17 - 程序启动
2025-05-28 23:09:20.926 [DEBUG] "main.cpp":18 - 调试信息
2025-05-28 23:09:20.926 [WARN] "main.cpp":19 - 警告信息
2025-05-28 23:09:20.926 [ERROR] "main.cpp":20 - 错误信息
2025-05-28 23:09:20.926 [DEBUG] "main.cpp":27 - 写入大量日志以触发轮转测试
2025-05-28 23:16:31.475 [INFO] "main.cpp":19 - 程序启动
2025-05-28 23:16:31.493 [DEBUG] "main.cpp":20 - 调试信息
2025-05-28 23:16:31.494 [WARN] "main.cpp":21 - 警告信息
2025-05-28 23:16:31.494 [ERROR] "main.cpp":22 - 错误信息
2025-05-28 23:16:31.494 [DEBUG] "main.cpp":29 - 写入大量日志以触发轮转测试
2025-05-28 23:25:08.026 [INFO] "main.cpp":19 - 程序启动
2025-05-28 23:25:08.026 [DEBUG] "main.cpp":20 - 调试信息
2025-05-28 23:25:08.026 [WARN] "main.cpp":21 - 警告信息
2025-05-28 23:25:08.026 [ERROR] "main.cpp":22 - 错误信息
2025-05-28 23:25:08.026 [DEBUG] "main.cpp":29 - 写入大量日志以触发轮转测试
2025-05-28 23:34:42.419 [INFO] "main.cpp":23 - 程序启动
2025-05-28 23:34:42.425 [DEBUG] "main.cpp":24 - 调试信息
2025-05-28 23:34:42.425 [WARN] "main.cpp":25 - 警告信息
2025-05-28 23:34:42.425 [ERROR] "main.cpp":26 - 错误信息
2025-05-28 23:34:42.425 [DEBUG] "main.cpp":33 - 写入大量日志以触发轮转测试
2025-05-28 23:35:24.711 [INFO] "main.cpp":23 - 程序启动
2025-05-28 23:35:24.711 [DEBUG] "main.cpp":24 - 调试信息
2025-05-28 23:35:24.711 [WARN] "main.cpp":25 - 警告信息
2025-05-28 23:35:24.712 [ERROR] "main.cpp":26 - 错误信息
2025-05-28 23:35:24.712 [DEBUG] "main.cpp":33 - 写入大量日志以触发轮转测试
2025-05-28 23:56:22.764 [INFO] "main.cpp":20 - 程序启动
2025-05-28 23:56:22.777 [DEBUG] "main.cpp":21 - 调试信息
2025-05-28 23:56:22.777 [WARN] "main.cpp":22 - 警告信息
2025-05-28 23:56:22.777 [ERROR] "main.cpp":23 - 错误信息
2025-05-28 23:56:22.777 [DEBUG] "main.cpp":30 - 写入大量日志以触发轮转测试
